Array
(
    [443] => 74137
    [270] => 6984
    [545] => 8917
    [86] => 12512
    [21] => 97925
    [715] => 245
    [54] => 7118
    [766] => 1485
    [256] => 18031
    [465] => 1799
    [444] => 6973
    [711] => 16031
    [379] => 6889
    [798] => 5889
    [747] => 36464
    [784] => 301
    [525] => 69719
    [837] => 1219
    [495] => 699
    [643] => 68055
    [7] => 628
    [971] => 4354
    [259] => 2405
    [991] => 63766
    [905] => 790
    [49] => 410
    [289] => 6518
    [816] => 21818
    [594] => 479
    [278] => 42998
    [858] => 5598
    [903] => 647
    [497] => 8212
    [296] => 3404
    [164] => 22495
    [527] => 661
    [852] => 41784
    [727] => 7162
    [722] => 78672
    [895] => 15208
    [484] => 358
    [642] => 976
    [359] => 5662
    [920] => 73824
    [740] => 74494
    [183] => 7750
    [136] => 11253
    [754] => 11195
    [512] => 505
    [776] => 19402
    [316] => 91693
    [508] => 74638
    [571] => 63563
    [487] => 73411
    [440] => 77440
    [725] => 6292
    [12] => 69747
    [294] => 8685
    [421] => 9934
    [928] => 928
    [455] => 7442
    [906] => 602
    [247] => 2464
    [777] => 56796
    [61] => 832
    [800] => 8954
    [558] => 8868
    [97] => 540
    [470] => 17235
    [11] => 42589
    [461] => 262
    [970] => 5216
    [818] => 728
    [615] => 3309
    [463] => 3169
    [395] => 10523
    [628] => 265
    [584] => 385
    [396] => 3203
    [241] => 30151
    [802] => 135
    [425] => 958
    [950] => 5078
    [940] => 83901
    [81] => 3557
    [788] => 342
    [830] => 6012
    [84] => 2285
    [634] => 89521
    [779] => 70599
    [377] => 2796
    [589] => 6743
    [149] => 349
    [523] => 997
    [318] => 927
    [964] => 94993
    [607] => 81593
    [132] => 217
    [272] => 152
    [844] => 14987
    [464] => 88390
    [537] => 865
    [619] => 414
    [503] => 1882
    [327] => 3412
    [60] => 71571
    [420] => 3800
    [392] => 13143
    [237] => 9342
    [590] => 485
    [519] => 182
    [839] => 727
    [569] => 803
    [173] => 1085
    [195] => 825
    [368] => 979
    [324] => 780
    [271] => 84645
    [167] => 884
    [797] => 931
    [646] => 90987
    [459] => 6392
    [843] => 1162
    [748] => 733
    [393] => 532
    [154] => 13551
    [735] => 80189
    [521] => 1001
    [865] => 173
    [685] => 4215
    [148] => 717
    [297] => 9082
    [759] => 3745
    [565] => 33222
    [203] => 69006
    [90] => 50602
    [673] => 719
    [618] => 969
    [179] => 683
    [315] => 325
    [329] => 895
    [647] => 5139
    [230] => 26229
    [418] => 70199
    [832] => 824
    [488] => 5832
    [190] => 828
    [718] => 5793
    [958] => 410
    [692] => 75449
    [82] => 23630
    [302] => 5331
    [212] => 961
    [712] => 89213
    [56] => 9168
    [16] => 83476
    [119] => 837
    [998] => 9968
    [672] => 2631
    [809] => 8435
    [107] => 7524
    [189] => 426
    [172] => 59288
    [804] => 296
    [622] => 41644
    [367] => 307
    [254] => 830
    [34] => 97656
    [340] => 188
    [74] => 60474
    [764] => 68948
    [853] => 8206
    [356] => 7265
    [413] => 5387
    [936] => 5144
    [719] => 8654
    [956] => 88375
    [948] => 3719
    [422] => 864
    [428] => 857
    [517] => 1489
    [218] => 6846
    [982] => 34134
    [166] => 4284
    [353] => 16194
    [442] => 3752
    [960] => 66398
    [938] => 5925
    [39] => 4392
    [953] => 7978
    [202] => 4680
    [67] => 742
    [38] => 35768
    [282] => 911
    [343] => 70075
    [555] => 572
    [242] => 770
    [593] => 36811
    [533] => 5441
    [475] => 757
    [873] => 249
    [280] => 3570
    [232] => 3357
    [662] => 52560
    [511] => 89064
    [863] => 7949
    [153] => 49806
    [835] => 8663
    [902] => 7160
    [151] => 73336
    [156] => 798
    [88] => 130
    [694] => 636
    [50] => 8580
    [683] => 6703
    [641] => 878
    [139] => 118
    [703] => 6369
    [749] => 27372
    [999] => 1972
    [714] => 35582
    [510] => 43561
    [617] => 2028
    [206] => 29922
    [944] => 7046
    [330] => 864
    [441] => 6315
    [225] => 5282
    [305] => 800
    [472] => 8543
    [124] => 6673
    [666] => 301
    [245] => 78994
    [681] => 20581
    [572] => 62101
    [838] => 72398
    [210] => 1406
    [626] => 49656
    [228] => 88444
    [644] => 833
    [434] => 4800
    [595] => 6344
    [338] => 269
    [483] => 8835
    [706] => 79254
    [540] => 53276
    [348] => 72903
    [689] => 13907
    [549] => 7083
    [186] => 547
    [498] => 2028
    [819] => 276
    [611] => 283
    [15] => 396
    [80] => 2495
    [493] => 50206
    [538] => 33559
    [709] => 205
    [760] => 7655
    [500] => 23966
    [582] => 2927
    [701] => 72218
    [550] => 2464
    [430] => 18678
    [279] => 726
    [41] => 6004
    [952] => 2226
    [419] => 631
    [391] => 54080
    [775] => 760
    [375] => 3257
    [496] => 1485
    [18] => 9446
    [378] => 475
    [235] => 9524
    [262] => 192
    [281] => 31091
    [85] => 916
    [274] => 5477
    [904] => 82489
    [185] => 456
    [125] => 73361
    [700] => 42816
    [62] => 24167
    [255] => 185
    [478] => 97865
    [922] => 888
    [986] => 175
    [447] => 86958
    [322] => 52421
    [656] => 44115
    [304] => 613
    [744] => 2992
    [159] => 2441
    [752] => 41564
    [452] => 79840
    [208] => 34342
    [967] => 93090
    [127] => 3880
    [95] => 2536
    [131] => 24304
    [805] => 24821
    [736] => 1549
    [334] => 8307
    [557] => 7356
    [765] => 434
    [782] => 3450
    [983] => 117
    [451] => 907
    [660] => 594
    [528] => 76047
    [729] => 3284
    [176] => 66260
    [144] => 446
    [99] => 5815
    [624] => 1845
    [984] => 732
    [134] => 45302
    [142] => 85528
    [300] => 3963
    [629] => 3848
    [121] => 2694
    [265] => 48604
    [182] => 8786
    [33] => 8807
    [103] => 24154
    [884] => 10911
    [48] => 66722
    [102] => 86065
    [916] => 64197
    [850] => 62433
    [917] => 64509
    [601] => 8085
    [313] => 64855
    [219] => 332
    [177] => 442
    [871] => 465
    [792] => 34193
    [347] => 7310
    [6] => 3567
    [941] => 54886
    [394] => 62009
    [532] => 942
    [504] => 9281
    [803] => 954
    [854] => 4697
    [977] => 590
    [531] => 5135
    [620] => 99466
    [990] => 5541
    [482] => 156
    [201] => 9614
    [743] => 166
    [791] => 23920
    [962] => 686
    [875] => 247
    [846] => 92046
    [253] => 614
    [376] => 2618
    [44] => 973
    [96] => 521
    [224] => 388
    [697] => 326
    [10] => 3777
    [780] => 717
    [841] => 89593
    [200] => 508
    [490] => 83304
    [801] => 635
    [587] => 3897
    [933] => 36763
    [66] => 664
    [63] => 1855
    [387] => 597
    [192] => 4958
    [462] => 3297
    [811] => 130
    [174] => 259
    [690] => 51217
    [741] => 87614
    [141] => 350
    [91] => 85532
    [551] => 2279
    [240] => 980
    [546] => 9345
    [553] => 2709
    [197] => 98033
    [786] => 64005
    [110] => 30303
    [723] => 65590
    [369] => 46477
    [658] => 46956
    [320] => 162
    [621] => 23402
    [468] => 50077
    [471] => 258
    [163] => 1160
    [335] => 437
    [385] => 37061
    [746] => 426
    [193] => 44517
    [101] => 90177
    [930] => 272
    [357] => 108
    [515] => 918
    [856] => 27311
    [303] => 71300
    [867] => 7790
    [285] => 617
    [42] => 6679
    [778] => 207
    [244] => 184
    [321] => 1537
    [733] => 168
    [534] => 3699
    [522] => 69577
    [716] => 451
    [935] => 48275
    [399] => 5504
    [432] => 4525
    [630] => 880
    [358] => 39256
    [751] => 7603
    [702] => 39876
    [887] => 6528
    [813] => 846
    [614] => 105
    [453] => 24040
    [894] => 8788
    [449] => 31909
    [859] => 586
    [789] => 694
    [480] => 6315
    [942] => 15310
    [898] => 917
    [827] => 807
    [355] => 67179
    [290] => 731
    [514] => 464
    [635] => 45767
    [204] => 2573
    [892] => 4246
    [821] => 6713
    [382] => 2420
    [64] => 63299
    [108] => 66092
    [251] => 6963
    [138] => 734
    [929] => 977
    [980] => 35385
    [457] => 30493
    [222] => 779
    [686] => 731
    [671] => 53377
    [2] => 65193
    [98] => 307
    [966] => 553
    [100] => 712
    [518] => 830
    [810] => 9345
    [713] => 2402
    [25] => 9106
    [207] => 824
    [979] => 417
    [287] => 626
    [333] => 21756
    [820] => 2191
    [847] => 7036
    [112] => 1418
    [248] => 58829
    [460] => 3124
    [267] => 5095
    [632] => 357
    [639] => 68655
    [698] => 726
    [648] => 10715
    [911] => 510
    [721] => 637
    [963] => 61907
    [383] => 424
    [221] => 552
    [30] => 8631
    [494] => 565
    [763] => 64217
    [539] => 81630
    [466] => 408
    [737] => 32222
    [326] => 307
    [910] => 954
    [69] => 5329
    [731] => 3178
    [46] => 1042
    [410] => 9189
    [113] => 6791
    [22] => 149
    [404] => 62810
    [78] => 379
    [489] => 95933
    [209] => 6245
    [989] => 56637
    [310] => 71313
    [27] => 984
    [524] => 4067
    [693] => 8573
    [627] => 5849
    [246] => 690
    [878] => 4416
    [516] => 1395
    [170] => 2271
    [755] => 1300
    [363] => 1705
    [975] => 415
    [51] => 97359
    [250] => 2205
    [165] => 8294
    [806] => 6015
    [407] => 7903
    [699] => 84139
    [972] => 35934
    [651] => 281
    [364] => 86357
    [913] => 62319
    [664] => 2520
    [140] => 1086
    [874] => 82334
    [268] => 6464
    [266] => 63790
    [239] => 4196
    [561] => 9159
    [876] => 546
    [345] => 2612
    [128] => 766
    [652] => 47698
    [794] => 31007
    [384] => 124
    [890] => 32091
    [705] => 93805
    [14] => 413
    [814] => 973
    [135] => 715
    [562] => 889
    [583] => 126
    [401] => 565
    [650] => 540
    [40] => 649
    [926] => 12749
    [772] => 59154
    [603] => 28663
    [130] => 3617
    [600] => 8330
    [563] => 5901
    [696] => 85636
    [155] => 264
    [836] => 4293
    [828] => 78788
    [921] => 974
    [328] => 2328
    [215] => 7845
    [276] => 8477
    [223] => 537
    [678] => 125
    [106] => 2017
    [317] => 586
    [726] => 23522
    [162] => 331
    [180] => 139
    [728] => 471
    [118] => 210
    [937] => 948
    [981] => 206
    [20] => 568
    [481] => 45363
    [564] => 39473
    [834] => 8765
    [403] => 649
    [89] => 352
    [32] => 346
    [598] => 168
    [307] => 12614
    [301] => 98727
    [560] => 1083
    [424] => 145
    [13] => 3849
    [123] => 39143
    [295] => 7194
    [485] => 5819
    [774] => 94926
    [925] => 345
    [879] => 26310
    [596] => 5611
    [178] => 869
    [389] => 80654
    [899] => 7914
    [918] => 6647
    [28] => 3945
    [70] => 942
    [79] => 797
    [826] => 53723
    [783] => 16219
    [880] => 21133
    [907] => 83748
    [73] => 722
    [501] => 921
    [785] => 7643
    [861] => 87935
    [433] => 304
    [226] => 342
    [415] => 24311
    [380] => 3389
    [351] => 2250
    [883] => 31388
    [233] => 8350
    [467] => 15460
    [575] => 76452
    [75] => 1182
    [657] => 33944
    [448] => 97081
    [52] => 24891
    [552] => 3158
    [36] => 90924
    [360] => 750
    [893] => 66923
    [579] => 467
    [577] => 60738
    [169] => 1788
    [633] => 910
    [373] => 1519
    [566] => 28913
    [150] => 1515
    [973] => 5219
    [306] => 729
    [352] => 86122
    [738] => 78829
    [881] => 64902
    [613] => 787
    [152] => 99858
    [663] => 30343
)
Array
(
    [443] => 74137
    [270] => 6984
    [545] => 8917
    [86] => 12512
    [21] => 97925
    [715] => 245
    [54] => 7118
    [766] => 1485
    [256] => 18031
    [465] => 1799
    [444] => 6973
    [711] => 16031
    [379] => 6889
    [798] => 5889
    [747] => 36464
    [784] => 301
    [525] => 69719
    [837] => 1219
    [495] => 699
    [643] => 68055
    [7] => 628
    [971] => 4354
    [259] => 2405
    [991] => 63766
    [905] => 790
    [49] => 410
    [289] => 6518
    [816] => 21818
    [594] => 479
    [278] => 42998
    [858] => 5598
    [903] => 647
    [497] => 8212
    [296] => 3404
    [164] => 22495
    [527] => 661
    [852] => 41784
    [727] => 7162
    [722] => 78672
    [895] => 15208
    [484] => 358
    [642] => 976
    [359] => 5662
    [920] => 73824
    [740] => 74494
    [183] => 7750
    [136] => 11253
    [754] => 11195
    [512] => 505
    [776] => 19402
    [316] => 91693
    [508] => 74638
    [571] => 63563
    [487] => 73411
    [440] => 77440
    [725] => 6292
    [12] => 69747
    [294] => 8685
    [421] => 9934
    [928] => 928
    [455] => 7442
    [906] => 602
    [247] => 2464
    [777] => 56796
    [61] => 832
    [800] => 8954
    [558] => 8868
    [97] => 540
    [470] => 17235
    [11] => 42589
    [461] => 262
    [970] => 5216
    [818] => 728
    [615] => 3309
    [463] => 3169
    [395] => 10523
    [628] => 265
    [584] => 385
    [396] => 3203
    [241] => 30151
    [802] => 135
    [425] => 958
    [950] => 5078
    [940] => 83901
    [81] => 3557
    [788] => 342
    [830] => 6012
    [84] => 2285
    [634] => 89521
    [779] => 70599
    [377] => 2796
    [589] => 6743
    [149] => 349
    [523] => 997
    [318] => 927
    [964] => 94993
    [607] => 81593
    [132] => 217
    [272] => 152
    [844] => 14987
    [464] => 88390
    [537] => 865
    [619] => 414
    [503] => 1882
    [327] => 3412
    [60] => 71571
    [420] => 3800
    [392] => 13143
    [237] => 9342
    [590] => 485
    [519] => 182
    [839] => 727
    [569] => 803
    [173] => 1085
    [195] => 825
    [368] => 979
    [324] => 780
    [271] => 84645
    [167] => 884
    [797] => 931
    [646] => 90987
    [459] => 6392
    [843] => 1162
    [748] => 733
    [393] => 532
    [154] => 13551
    [735] => 80189
    [521] => 1001
    [865] => 173
    [685] => 4215
    [148] => 717
    [297] => 9082
    [759] => 3745
    [565] => 33222
    [203] => 69006
    [90] => 50602
    [673] => 719
    [618] => 969
    [179] => 683
    [315] => 325
    [329] => 895
    [647] => 5139
    [230] => 26229
    [418] => 70199
    [832] => 824
    [488] => 5832
    [190] => 828
    [718] => 5793
    [958] => 410
    [692] => 75449
    [82] => 23630
    [302] => 5331
    [212] => 961
    [712] => 89213
    [56] => 9168
    [16] => 83476
    [119] => 837
    [998] => 9968
    [672] => 2631
    [809] => 8435
    [107] => 7524
    [189] => 426
    [172] => 59288
    [804] => 296
    [622] => 41644
    [367] => 307
    [254] => 830
    [34] => 97656
    [340] => 188
    [74] => 60474
    [764] => 68948
    [853] => 8206
    [356] => 7265
    [413] => 5387
    [936] => 5144
    [719] => 8654
    [956] => 88375
    [948] => 3719
    [422] => 864
    [428] => 857
    [517] => 1489
    [218] => 6846
    [982] => 34134
    [166] => 4284
    [353] => 16194
    [442] => 3752
    [960] => 66398
    [938] => 5925
    [39] => 4392
    [953] => 7978
    [202] => 4680
    [67] => 742
    [38] => 35768
    [282] => 911
    [343] => 70075
    [555] => 572
    [242] => 770
    [593] => 36811
    [533] => 5441
    [475] => 757
    [873] => 249
    [280] => 3570
    [232] => 3357
    [662] => 52560
    [511] => 89064
    [863] => 7949
    [153] => 49806
    [835] => 8663
    [902] => 7160
    [151] => 73336
    [156] => 798
    [88] => 130
    [694] => 636
    [50] => 8580
    [683] => 6703
    [641] => 878
    [139] => 118
    [703] => 6369
    [749] => 27372
    [999] => 1972
    [714] => 35582
    [510] => 43561
    [617] => 2028
    [206] => 29922
    [944] => 7046
    [330] => 864
    [441] => 6315
    [225] => 5282
    [305] => 800
    [472] => 8543
    [124] => 6673
    [666] => 301
    [245] => 78994
    [681] => 20581
    [572] => 62101
    [838] => 72398
    [210] => 1406
    [626] => 49656
    [228] => 88444
    [644] => 833
    [434] => 4800
    [595] => 6344
    [338] => 269
    [483] => 8835
    [706] => 79254
    [540] => 53276
    [348] => 72903
    [689] => 13907
    [549] => 7083
    [186] => 547
    [498] => 2028
    [819] => 276
    [611] => 283
    [15] => 396
    [80] => 2495
    [493] => 50206
    [538] => 33559
    [709] => 205
    [760] => 7655
    [500] => 23966
    [582] => 2927
    [701] => 72218
    [550] => 2464
    [430] => 18678
    [279] => 726
    [41] => 6004
    [952] => 2226
    [419] => 631
    [391] => 54080
    [775] => 760
    [375] => 3257
    [496] => 1485
    [18] => 9446
    [378] => 475
    [235] => 9524
    [262] => 192
    [281] => 31091
    [85] => 916
    [274] => 5477
    [904] => 82489
    [185] => 456
    [125] => 73361
    [700] => 42816
    [62] => 24167
    [255] => 185
    [478] => 97865
    [922] => 888
    [986] => 175
    [447] => 86958
    [322] => 52421
    [656] => 44115
    [304] => 613
    [744] => 2992
    [159] => 2441
    [752] => 41564
    [452] => 79840
    [208] => 34342
    [967] => 93090
    [127] => 3880
    [95] => 2536
    [131] => 24304
    [805] => 24821
    [736] => 1549
    [334] => 8307
    [557] => 7356
    [765] => 434
    [782] => 3450
    [983] => 117
    [451] => 907
    [660] => 594
    [528] => 76047
    [729] => 3284
    [176] => 66260
    [144] => 446
    [99] => 5815
    [624] => 1845
    [984] => 732
    [134] => 45302
    [142] => 85528
    [300] => 3963
    [629] => 3848
    [121] => 2694
    [265] => 48604
    [182] => 8786
    [33] => 8807
    [103] => 24154
    [884] => 10911
    [48] => 66722
    [102] => 86065
    [916] => 64197
    [850] => 62433
    [917] => 64509
    [601] => 8085
    [313] => 64855
    [219] => 332
    [177] => 442
    [871] => 465
    [792] => 34193
    [347] => 7310
    [6] => 3567
    [941] => 54886
    [394] => 62009
    [532] => 942
    [504] => 9281
    [803] => 954
    [854] => 4697
    [977] => 590
    [531] => 5135
    [620] => 99466
    [990] => 5541
    [482] => 156
    [201] => 9614
    [743] => 166
    [791] => 23920
    [962] => 686
    [875] => 247
    [846] => 92046
    [253] => 614
    [376] => 2618
    [44] => 973
    [96] => 521
    [224] => 388
    [697] => 326
    [10] => 3777
    [780] => 717
    [841] => 89593
    [200] => 508
    [490] => 83304
    [801] => 635
    [587] => 3897
    [933] => 36763
    [66] => 664
    [63] => 1855
    [387] => 597
    [192] => 4958
    [462] => 3297
    [811] => 130
    [174] => 259
    [690] => 51217
    [741] => 87614
    [141] => 350
    [91] => 85532
    [551] => 2279
    [240] => 980
    [546] => 9345
    [553] => 2709
    [197] => 98033
    [786] => 64005
    [110] => 30303
    [723] => 65590
    [369] => 46477
    [658] => 46956
    [320] => 162
    [621] => 23402
    [468] => 50077
    [471] => 258
    [163] => 1160
    [335] => 437
    [385] => 37061
    [746] => 426
    [193] => 44517
    [101] => 90177
    [930] => 272
    [357] => 108
    [515] => 918
    [856] => 27311
    [303] => 71300
    [867] => 7790
    [285] => 617
    [42] => 6679
    [778] => 207
    [244] => 184
    [321] => 1537
    [733] => 168
    [534] => 3699
    [522] => 69577
    [716] => 451
    [935] => 48275
    [399] => 5504
    [432] => 4525
    [630] => 880
    [358] => 39256
    [751] => 7603
    [702] => 39876
    [887] => 6528
    [813] => 846
    [614] => 105
    [453] => 24040
    [894] => 8788
    [449] => 31909
    [859] => 586
    [789] => 694
    [480] => 6315
    [942] => 15310
    [898] => 917
    [827] => 807
    [355] => 67179
    [290] => 731
    [514] => 464
    [635] => 45767
    [204] => 2573
    [892] => 4246
    [821] => 6713
    [382] => 2420
    [64] => 63299
    [108] => 66092
    [251] => 6963
    [138] => 734
    [929] => 977
    [980] => 35385
    [457] => 30493
    [222] => 779
    [686] => 731
    [671] => 53377
    [2] => 65193
    [98] => 307
    [966] => 553
    [100] => 712
    [518] => 830
    [810] => 9345
    [713] => 2402
    [25] => 9106
    [207] => 824
    [979] => 417
    [287] => 626
    [333] => 21756
    [820] => 2191
    [847] => 7036
    [112] => 1418
    [248] => 58829
    [460] => 3124
    [267] => 5095
    [632] => 357
    [639] => 68655
    [698] => 726
    [648] => 10715
    [911] => 510
    [721] => 637
    [963] => 61907
    [383] => 424
    [221] => 552
    [30] => 8631
    [494] => 565
    [763] => 64217
    [539] => 81630
    [466] => 408
    [737] => 32222
    [326] => 307
    [910] => 954
    [69] => 5329
    [731] => 3178
    [46] => 1042
    [410] => 9189
    [113] => 6791
    [22] => 149
    [404] => 62810
    [78] => 379
    [489] => 95933
    [209] => 6245
    [989] => 56637
    [310] => 71313
    [27] => 984
    [524] => 4067
    [693] => 8573
    [627] => 5849
    [246] => 690
    [878] => 4416
    [516] => 1395
    [170] => 2271
    [755] => 1300
    [363] => 1705
    [975] => 415
    [51] => 97359
    [250] => 2205
    [165] => 8294
    [806] => 6015
    [407] => 7903
    [699] => 84139
    [972] => 35934
    [651] => 281
    [364] => 86357
    [913] => 62319
    [664] => 2520
    [140] => 1086
    [874] => 82334
    [268] => 6464
    [266] => 63790
    [239] => 4196
    [561] => 9159
    [876] => 546
    [345] => 2612
    [128] => 766
    [652] => 47698
    [794] => 31007
    [384] => 124
    [890] => 32091
    [705] => 93805
    [14] => 413
    [814] => 973
    [135] => 715
    [562] => 889
    [583] => 126
    [401] => 565
    [650] => 540
    [40] => 649
    [926] => 12749
    [772] => 59154
    [603] => 28663
    [130] => 3617
    [600] => 8330
    [563] => 5901
    [696] => 85636
    [155] => 264
    [836] => 4293
    [828] => 78788
    [921] => 974
    [328] => 2328
    [215] => 7845
    [276] => 8477
    [223] => 537
    [678] => 125
    [106] => 2017
    [317] => 586
    [726] => 23522
    [162] => 331
    [180] => 139
    [728] => 471
    [118] => 210
    [937] => 948
    [981] => 206
    [20] => 568
    [481] => 45363
    [564] => 39473
    [834] => 8765
    [403] => 649
    [89] => 352
    [32] => 346
    [598] => 168
    [307] => 12614
    [301] => 98727
    [560] => 1083
    [424] => 145
    [13] => 3849
    [123] => 39143
    [295] => 7194
    [485] => 5819
    [774] => 94926
    [925] => 345
    [879] => 26310
    [596] => 5611
    [178] => 869
    [389] => 80654
    [899] => 7914
    [918] => 6647
    [28] => 3945
    [70] => 942
    [79] => 797
    [826] => 53723
    [783] => 16219
    [880] => 21133
    [907] => 83748
    [73] => 722
    [501] => 921
    [785] => 7643
    [861] => 87935
    [433] => 304
    [226] => 342
    [415] => 24311
    [380] => 3389
    [351] => 2250
    [883] => 31388
    [233] => 8350
    [467] => 15460
    [575] => 76452
    [75] => 1182
    [657] => 33944
    [448] => 97081
    [52] => 24891
    [552] => 3158
    [36] => 90924
    [360] => 750
    [893] => 66923
    [579] => 467
    [577] => 60738
    [169] => 1788
    [633] => 910
    [373] => 1519
    [566] => 28913
    [150] => 1515
    [973] => 5219
    [306] => 729
    [352] => 86122
    [738] => 78829
    [881] => 64902
    [613] => 787
    [152] => 99858
    [663] => 30343
)
Array
(
    [443] => 74137
    [270] => 6984
    [545] => 8917
    [86] => 12512
    [21] => 97925
    [715] => 245
    [54] => 7118
    [766] => 1485
    [256] => 18031
    [465] => 1799
    [444] => 6973
    [711] => 16031
    [379] => 6889
    [798] => 5889
    [747] => 36464
    [784] => 301
    [525] => 69719
    [837] => 1219
    [495] => 699
    [643] => 68055
    [7] => 628
    [971] => 4354
    [259] => 2405
    [991] => 63766
    [905] => 790
    [49] => 410
    [289] => 6518
    [816] => 21818
    [594] => 479
    [278] => 42998
    [858] => 5598
    [903] => 647
    [497] => 8212
    [296] => 3404
    [164] => 22495
    [527] => 661
    [852] => 41784
    [727] => 7162
    [722] => 78672
    [895] => 15208
    [484] => 358
    [642] => 976
    [359] => 5662
    [920] => 73824
    [740] => 74494
    [183] => 7750
    [136] => 11253
    [754] => 11195
    [512] => 505
    [776] => 19402
    [316] => 91693
    [508] => 74638
    [571] => 63563
    [487] => 73411
    [440] => 77440
    [725] => 6292
    [12] => 69747
    [294] => 8685
    [421] => 9934
    [928] => 928
    [455] => 7442
    [906] => 602
    [247] => 2464
    [777] => 56796
    [61] => 832
    [800] => 8954
    [558] => 8868
    [97] => 540
    [470] => 17235
    [11] => 42589
    [461] => 262
    [970] => 5216
    [818] => 728
    [615] => 3309
    [463] => 3169
    [395] => 10523
    [628] => 265
    [584] => 385
    [396] => 3203
    [241] => 30151
    [802] => 135
    [425] => 958
    [950] => 5078
    [940] => 83901
    [81] => 3557
    [788] => 342
    [830] => 6012
    [84] => 2285
    [634] => 89521
    [779] => 70599
    [377] => 2796
    [589] => 6743
    [149] => 349
    [523] => 997
    [318] => 927
    [964] => 94993
    [607] => 81593
    [132] => 217
    [272] => 152
    [844] => 14987
    [464] => 88390
    [537] => 865
    [619] => 414
    [503] => 1882
    [327] => 3412
    [60] => 71571
    [420] => 3800
    [392] => 13143
    [237] => 9342
    [590] => 485
    [519] => 182
    [839] => 727
    [569] => 803
    [173] => 1085
    [195] => 825
    [368] => 979
    [324] => 780
    [271] => 84645
    [167] => 884
    [797] => 931
    [646] => 90987
    [459] => 6392
    [843] => 1162
    [748] => 733
    [393] => 532
    [154] => 13551
    [735] => 80189
    [521] => 1001
    [865] => 173
    [685] => 4215
    [148] => 717
    [297] => 9082
    [759] => 3745
    [565] => 33222
    [203] => 69006
    [90] => 50602
    [673] => 719
    [618] => 969
    [179] => 683
    [315] => 325
    [329] => 895
    [647] => 5139
    [230] => 26229
    [418] => 70199
    [832] => 824
    [488] => 5832
    [190] => 828
    [718] => 5793
    [958] => 410
    [692] => 75449
    [82] => 23630
    [302] => 5331
    [212] => 961
    [712] => 89213
    [56] => 9168
    [16] => 83476
    [119] => 837
    [998] => 9968
    [672] => 2631
    [809] => 8435
    [107] => 7524
    [189] => 426
    [172] => 59288
    [804] => 296
    [622] => 41644
    [367] => 307
    [254] => 830
    [34] => 97656
    [340] => 188
    [74] => 60474
    [764] => 68948
    [853] => 8206
    [356] => 7265
    [413] => 5387
    [936] => 5144
    [719] => 8654
    [956] => 88375
    [948] => 3719
    [422] => 864
    [428] => 857
    [517] => 1489
    [218] => 6846
    [982] => 34134
    [166] => 4284
    [353] => 16194
    [442] => 3752
    [960] => 66398
    [938] => 5925
    [39] => 4392
    [953] => 7978
    [202] => 4680
    [67] => 742
    [38] => 35768
    [282] => 911
    [343] => 70075
    [555] => 572
    [242] => 770
    [593] => 36811
    [533] => 5441
    [475] => 757
    [873] => 249
    [280] => 3570
    [232] => 3357
    [662] => 52560
    [511] => 89064
    [863] => 7949
    [153] => 49806
    [835] => 8663
    [902] => 7160
    [151] => 73336
    [156] => 798
    [88] => 130
    [694] => 636
    [50] => 8580
    [683] => 6703
    [641] => 878
    [139] => 118
    [703] => 6369
    [749] => 27372
    [999] => 1972
    [714] => 35582
    [510] => 43561
    [617] => 2028
    [206] => 29922
    [944] => 7046
    [330] => 864
    [441] => 6315
    [225] => 5282
    [305] => 800
    [472] => 8543
    [124] => 6673
    [666] => 301
    [245] => 78994
    [681] => 20581
    [572] => 62101
    [838] => 72398
    [210] => 1406
    [626] => 49656
    [228] => 88444
    [644] => 833
    [434] => 4800
    [595] => 6344
    [338] => 269
    [483] => 8835
    [706] => 79254
    [540] => 53276
    [348] => 72903
    [689] => 13907
    [549] => 7083
    [186] => 547
    [498] => 2028
    [819] => 276
    [611] => 283
    [15] => 396
    [80] => 2495
    [493] => 50206
    [538] => 33559
    [709] => 205
    [760] => 7655
    [500] => 23966
    [582] => 2927
    [701] => 72218
    [550] => 2464
    [430] => 18678
    [279] => 726
    [41] => 6004
    [952] => 2226
    [419] => 631
    [391] => 54080
    [775] => 760
    [375] => 3257
    [496] => 1485
    [18] => 9446
    [378] => 475
    [235] => 9524
    [262] => 192
    [281] => 31091
    [85] => 916
    [274] => 5477
    [904] => 82489
    [185] => 456
    [125] => 73361
    [700] => 42816
    [62] => 24167
    [255] => 185
    [478] => 97865
    [922] => 888
    [986] => 175
    [447] => 86958
    [322] => 52421
    [656] => 44115
    [304] => 613
    [744] => 2992
    [159] => 2441
    [752] => 41564
    [452] => 79840
    [208] => 34342
    [967] => 93090
    [127] => 3880
    [95] => 2536
    [131] => 24304
    [805] => 24821
    [736] => 1549
    [334] => 8307
    [557] => 7356
    [765] => 434
    [782] => 3450
    [983] => 117
    [451] => 907
    [660] => 594
    [528] => 76047
    [729] => 3284
    [176] => 66260
    [144] => 446
    [99] => 5815
    [624] => 1845
    [984] => 732
    [134] => 45302
    [142] => 85528
    [300] => 3963
    [629] => 3848
    [121] => 2694
    [265] => 48604
    [182] => 8786
    [33] => 8807
    [103] => 24154
    [884] => 10911
    [48] => 66722
    [102] => 86065
    [916] => 64197
    [850] => 62433
    [917] => 64509
    [601] => 8085
    [313] => 64855
    [219] => 332
    [177] => 442
    [871] => 465
    [792] => 34193
    [347] => 7310
    [6] => 3567
    [941] => 54886
    [394] => 62009
    [532] => 942
    [504] => 9281
    [803] => 954
    [854] => 4697
    [977] => 590
    [531] => 5135
    [620] => 99466
    [990] => 5541
    [482] => 156
    [201] => 9614
    [743] => 166
    [791] => 23920
    [962] => 686
    [875] => 247
    [846] => 92046
    [253] => 614
    [376] => 2618
    [44] => 973
    [96] => 521
    [224] => 388
    [697] => 326
    [10] => 3777
    [780] => 717
    [841] => 89593
    [200] => 508
    [490] => 83304
    [801] => 635
    [587] => 3897
    [933] => 36763
    [66] => 664
    [63] => 1855
    [387] => 597
    [192] => 4958
    [462] => 3297
    [811] => 130
    [174] => 259
    [690] => 51217
    [741] => 87614
    [141] => 350
    [91] => 85532
    [551] => 2279
    [240] => 980
    [546] => 9345
    [553] => 2709
    [197] => 98033
    [786] => 64005
    [110] => 30303
    [723] => 65590
    [369] => 46477
    [658] => 46956
    [320] => 162
    [621] => 23402
    [468] => 50077
    [471] => 258
    [163] => 1160
    [335] => 437
    [385] => 37061
    [746] => 426
    [193] => 44517
    [101] => 90177
    [930] => 272
    [357] => 108
    [515] => 918
    [856] => 27311
    [303] => 71300
    [867] => 7790
    [285] => 617
    [42] => 6679
    [778] => 207
    [244] => 184
    [321] => 1537
    [733] => 168
    [534] => 3699
    [522] => 69577
    [716] => 451
    [935] => 48275
    [399] => 5504
    [432] => 4525
    [630] => 880
    [358] => 39256
    [751] => 7603
    [702] => 39876
    [887] => 6528
    [813] => 846
    [614] => 105
    [453] => 24040
    [894] => 8788
    [449] => 31909
    [859] => 586
    [789] => 694
    [480] => 6315
    [942] => 15310
    [898] => 917
    [827] => 807
    [355] => 67179
    [290] => 731
    [514] => 464
    [635] => 45767
    [204] => 2573
    [892] => 4246
    [821] => 6713
    [382] => 2420
    [64] => 63299
    [108] => 66092
    [251] => 6963
    [138] => 734
    [929] => 977
    [980] => 35385
    [457] => 30493
    [222] => 779
    [686] => 731
    [671] => 53377
    [2] => 65193
    [98] => 307
    [966] => 553
    [100] => 712
    [518] => 830
    [810] => 9345
    [713] => 2402
    [25] => 9106
    [207] => 824
    [979] => 417
    [287] => 626
    [333] => 21756
    [820] => 2191
    [847] => 7036
    [112] => 1418
    [248] => 58829
    [460] => 3124
    [267] => 5095
    [632] => 357
    [639] => 68655
    [698] => 726
    [648] => 10715
    [911] => 510
    [721] => 637
    [963] => 61907
    [383] => 424
    [221] => 552
    [30] => 8631
    [494] => 565
    [763] => 64217
    [539] => 81630
    [466] => 408
    [737] => 32222
    [326] => 307
    [910] => 954
    [69] => 5329
    [731] => 3178
    [46] => 1042
    [410] => 9189
    [113] => 6791
    [22] => 149
    [404] => 62810
    [78] => 379
    [489] => 95933
    [209] => 6245
    [989] => 56637
    [310] => 71313
    [27] => 984
    [524] => 4067
    [693] => 8573
    [627] => 5849
    [246] => 690
    [878] => 4416
    [516] => 1395
    [170] => 2271
    [755] => 1300
    [363] => 1705
    [975] => 415
    [51] => 97359
    [250] => 2205
    [165] => 8294
    [806] => 6015
    [407] => 7903
    [699] => 84139
    [972] => 35934
    [651] => 281
    [364] => 86357
    [913] => 62319
    [664] => 2520
    [140] => 1086
    [874] => 82334
    [268] => 6464
    [266] => 63790
    [239] => 4196
    [561] => 9159
    [876] => 546
    [345] => 2612
    [128] => 766
    [652] => 47698
    [794] => 31007
    [384] => 124
    [890] => 32091
    [705] => 93805
    [14] => 413
    [814] => 973
    [135] => 715
    [562] => 889
    [583] => 126
    [401] => 565
    [650] => 540
    [40] => 649
    [926] => 12749
    [772] => 59154
    [603] => 28663
    [130] => 3617
    [600] => 8330
    [563] => 5901
    [696] => 85636
    [155] => 264
    [836] => 4293
    [828] => 78788
    [921] => 974
    [328] => 2328
    [215] => 7845
    [276] => 8477
    [223] => 537
    [678] => 125
    [106] => 2017
    [317] => 586
    [726] => 23522
    [162] => 331
    [180] => 139
    [728] => 471
    [118] => 210
    [937] => 948
    [981] => 206
    [20] => 568
    [481] => 45363
    [564] => 39473
    [834] => 8765
    [403] => 649
    [89] => 352
    [32] => 346
    [598] => 168
    [307] => 12614
    [301] => 98727
    [560] => 1083
    [424] => 145
    [13] => 3849
    [123] => 39143
    [295] => 7194
    [485] => 5819
    [774] => 94926
    [925] => 345
    [879] => 26310
    [596] => 5611
    [178] => 869
    [389] => 80654
    [899] => 7914
    [918] => 6647
    [28] => 3945
    [70] => 942
    [79] => 797
    [826] => 53723
    [783] => 16219
    [880] => 21133
    [907] => 83748
    [73] => 722
    [501] => 921
    [785] => 7643
    [861] => 87935
    [433] => 304
    [226] => 342
    [415] => 24311
    [380] => 3389
    [351] => 2250
    [883] => 31388
    [233] => 8350
    [467] => 15460
    [575] => 76452
    [75] => 1182
    [657] => 33944
    [448] => 97081
    [52] => 24891
    [552] => 3158
    [36] => 90924
    [360] => 750
    [893] => 66923
    [579] => 467
    [577] => 60738
    [169] => 1788
    [633] => 910
    [373] => 1519
    [566] => 28913
    [150] => 1515
    [973] => 5219
    [306] => 729
    [352] => 86122
    [738] => 78829
    [881] => 64902
    [613] => 787
    [152] => 99858
    [663] => 30343
)
Array
(
    [443] => 74137
    [270] => 6984
    [545] => 8917
    [86] => 12512
    [21] => 97925
    [715] => 245
    [54] => 7118
    [766] => 1485
    [256] => 18031
    [465] => 1799
    [444] => 6973
    [711] => 16031
    [379] => 6889
    [798] => 5889
    [747] => 36464
    [784] => 301
    [525] => 69719
    [837] => 1219
    [495] => 699
    [643] => 68055
    [7] => 628
    [971] => 4354
    [259] => 2405
    [991] => 63766
    [905] => 790
    [49] => 410
    [289] => 6518
    [816] => 21818
    [594] => 479
    [278] => 42998
    [858] => 5598
    [903] => 647
    [497] => 8212
    [296] => 3404
    [164] => 22495
    [527] => 661
    [852] => 41784
    [727] => 7162
    [722] => 78672
    [895] => 15208
    [484] => 358
    [642] => 976
    [359] => 5662
    [920] => 73824
    [740] => 74494
    [183] => 7750
    [136] => 11253
    [754] => 11195
    [512] => 505
    [776] => 19402
    [316] => 91693
    [508] => 74638
    [571] => 63563
    [487] => 73411
    [440] => 77440
    [725] => 6292
    [12] => 69747
    [294] => 8685
    [421] => 9934
    [928] => 928
    [455] => 7442
    [906] => 602
    [247] => 2464
    [777] => 56796
    [61] => 832
    [800] => 8954
    [558] => 8868
    [97] => 540
    [470] => 17235
    [11] => 42589
    [461] => 262
    [970] => 5216
    [818] => 728
    [615] => 3309
    [463] => 3169
    [395] => 10523
    [628] => 265
    [584] => 385
    [396] => 3203
    [241] => 30151
    [802] => 135
    [425] => 958
    [950] => 5078
    [940] => 83901
    [81] => 3557
    [788] => 342
    [830] => 6012
    [84] => 2285
    [634] => 89521
    [779] => 70599
    [377] => 2796
    [589] => 6743
    [149] => 349
    [523] => 997
    [318] => 927
    [964] => 94993
    [607] => 81593
    [132] => 217
    [272] => 152
    [844] => 14987
    [464] => 88390
    [537] => 865
    [619] => 414
    [503] => 1882
    [327] => 3412
    [60] => 71571
    [420] => 3800
    [392] => 13143
    [237] => 9342
    [590] => 485
    [519] => 182
    [839] => 727
    [569] => 803
    [173] => 1085
    [195] => 825
    [368] => 979
    [324] => 780
    [271] => 84645
    [167] => 884
    [797] => 931
    [646] => 90987
    [459] => 6392
    [843] => 1162
    [748] => 733
    [393] => 532
    [154] => 13551
    [735] => 80189
    [521] => 1001
    [865] => 173
    [685] => 4215
    [148] => 717
    [297] => 9082
    [759] => 3745
    [565] => 33222
    [203] => 69006
    [90] => 50602
    [673] => 719
    [618] => 969
    [179] => 683
    [315] => 325
    [329] => 895
    [647] => 5139
    [230] => 26229
    [418] => 70199
    [832] => 824
    [488] => 5832
    [190] => 828
    [718] => 5793
    [958] => 410
    [692] => 75449
    [82] => 23630
    [302] => 5331
    [212] => 961
    [712] => 89213
    [56] => 9168
    [16] => 83476
    [119] => 837
    [998] => 9968
    [672] => 2631
    [809] => 8435
    [107] => 7524
    [189] => 426
    [172] => 59288
    [804] => 296
    [622] => 41644
    [367] => 307
    [254] => 830
    [34] => 97656
    [340] => 188
    [74] => 60474
    [764] => 68948
    [853] => 8206
    [356] => 7265
    [413] => 5387
    [936] => 5144
    [719] => 8654
    [956] => 88375
    [948] => 3719
    [422] => 864
    [428] => 857
    [517] => 1489
    [218] => 6846
    [982] => 34134
    [166] => 4284
    [353] => 16194
    [442] => 3752
    [960] => 66398
    [938] => 5925
    [39] => 4392
    [953] => 7978
    [202] => 4680
    [67] => 742
    [38] => 35768
    [282] => 911
    [343] => 70075
    [555] => 572
    [242] => 770
    [593] => 36811
    [533] => 5441
    [475] => 757
    [873] => 249
    [280] => 3570
    [232] => 3357
    [662] => 52560
    [511] => 89064
    [863] => 7949
    [153] => 49806
    [835] => 8663
    [902] => 7160
    [151] => 73336
    [156] => 798
    [88] => 130
    [694] => 636
    [50] => 8580
    [683] => 6703
    [641] => 878
    [139] => 118
    [703] => 6369
    [749] => 27372
    [999] => 1972
    [714] => 35582
    [510] => 43561
    [617] => 2028
    [206] => 29922
    [944] => 7046
    [330] => 864
    [441] => 6315
    [225] => 5282
    [305] => 800
    [472] => 8543
    [124] => 6673
    [666] => 301
    [245] => 78994
    [681] => 20581
    [572] => 62101
    [838] => 72398
    [210] => 1406
    [626] => 49656
    [228] => 88444
    [644] => 833
    [434] => 4800
    [595] => 6344
    [338] => 269
    [483] => 8835
    [706] => 79254
    [540] => 53276
    [348] => 72903
    [689] => 13907
    [549] => 7083
    [186] => 547
    [498] => 2028
    [819] => 276
    [611] => 283
    [15] => 396
    [80] => 2495
    [493] => 50206
    [538] => 33559
    [709] => 205
    [760] => 7655
    [500] => 23966
    [582] => 2927
    [701] => 72218
    [550] => 2464
    [430] => 18678
    [279] => 726
    [41] => 6004
    [952] => 2226
    [419] => 631
    [391] => 54080
    [775] => 760
    [375] => 3257
    [496] => 1485
    [18] => 9446
    [378] => 475
    [235] => 9524
    [262] => 192
    [281] => 31091
    [85] => 916
    [274] => 5477
    [904] => 82489
    [185] => 456
    [125] => 73361
    [700] => 42816
    [62] => 24167
    [255] => 185
    [478] => 97865
    [922] => 888
    [986] => 175
    [447] => 86958
    [322] => 52421
    [656] => 44115
    [304] => 613
    [744] => 2992
    [159] => 2441
    [752] => 41564
    [452] => 79840
    [208] => 34342
    [967] => 93090
    [127] => 3880
    [95] => 2536
    [131] => 24304
    [805] => 24821
    [736] => 1549
    [334] => 8307
    [557] => 7356
    [765] => 434
    [782] => 3450
    [983] => 117
    [451] => 907
    [660] => 594
    [528] => 76047
    [729] => 3284
    [176] => 66260
    [144] => 446
    [99] => 5815
    [624] => 1845
    [984] => 732
    [134] => 45302
    [142] => 85528
    [300] => 3963
    [629] => 3848
    [121] => 2694
    [265] => 48604
    [182] => 8786
    [33] => 8807
    [103] => 24154
    [884] => 10911
    [48] => 66722
    [102] => 86065
    [916] => 64197
    [850] => 62433
    [917] => 64509
    [601] => 8085
    [313] => 64855
    [219] => 332
    [177] => 442
    [871] => 465
    [792] => 34193
    [347] => 7310
    [6] => 3567
    [941] => 54886
    [394] => 62009
    [532] => 942
    [504] => 9281
    [803] => 954
    [854] => 4697
    [977] => 590
    [531] => 5135
    [620] => 99466
    [990] => 5541
    [482] => 156
    [201] => 9614
    [743] => 166
    [791] => 23920
    [962] => 686
    [875] => 247
    [846] => 92046
    [253] => 614
    [376] => 2618
    [44] => 973
    [96] => 521
    [224] => 388
    [697] => 326
    [10] => 3777
    [780] => 717
    [841] => 89593
    [200] => 508
    [490] => 83304
    [801] => 635
    [587] => 3897
    [933] => 36763
    [66] => 664
    [63] => 1855
    [387] => 597
    [192] => 4958
    [462] => 3297
    [811] => 130
    [174] => 259
    [690] => 51217
    [741] => 87614
    [141] => 350
    [91] => 85532
    [551] => 2279
    [240] => 980
    [546] => 9345
    [553] => 2709
    [197] => 98033
    [786] => 64005
    [110] => 30303
    [723] => 65590
    [369] => 46477
    [658] => 46956
    [320] => 162
    [621] => 23402
    [468] => 50077
    [471] => 258
    [163] => 1160
    [335] => 437
    [385] => 37061
    [746] => 426
    [193] => 44517
    [101] => 90177
    [930] => 272
    [357] => 108
    [515] => 918
    [856] => 27311
    [303] => 71300
    [867] => 7790
    [285] => 617
    [42] => 6679
    [778] => 207
    [244] => 184
    [321] => 1537
    [733] => 168
    [534] => 3699
    [522] => 69577
    [716] => 451
    [935] => 48275
    [399] => 5504
    [432] => 4525
    [630] => 880
    [358] => 39256
    [751] => 7603
    [702] => 39876
    [887] => 6528
    [813] => 846
    [614] => 105
    [453] => 24040
    [894] => 8788
    [449] => 31909
    [859] => 586
    [789] => 694
    [480] => 6315
    [942] => 15310
    [898] => 917
    [827] => 807
    [355] => 67179
    [290] => 731
    [514] => 464
    [635] => 45767
    [204] => 2573
    [892] => 4246
    [821] => 6713
    [382] => 2420
    [64] => 63299
    [108] => 66092
    [251] => 6963
    [138] => 734
    [929] => 977
    [980] => 35385
    [457] => 30493
    [222] => 779
    [686] => 731
    [671] => 53377
    [2] => 65193
    [98] => 307
    [966] => 553
    [100] => 712
    [518] => 830
    [810] => 9345
    [713] => 2402
    [25] => 9106
    [207] => 824
    [979] => 417
    [287] => 626
    [333] => 21756
    [820] => 2191
    [847] => 7036
    [112] => 1418
    [248] => 58829
    [460] => 3124
    [267] => 5095
    [632] => 357
    [639] => 68655
    [698] => 726
    [648] => 10715
    [911] => 510
    [721] => 637
    [963] => 61907
    [383] => 424
    [221] => 552
    [30] => 8631
    [494] => 565
    [763] => 64217
    [539] => 81630
    [466] => 408
    [737] => 32222
    [326] => 307
    [910] => 954
    [69] => 5329
    [731] => 3178
    [46] => 1042
    [410] => 9189
    [113] => 6791
    [22] => 149
    [404] => 62810
    [78] => 379
    [489] => 95933
    [209] => 6245
    [989] => 56637
    [310] => 71313
    [27] => 984
    [524] => 4067
    [693] => 8573
    [627] => 5849
    [246] => 690
    [878] => 4416
    [516] => 1395
    [170] => 2271
    [755] => 1300
    [363] => 1705
    [975] => 415
    [51] => 97359
    [250] => 2205
    [165] => 8294
    [806] => 6015
    [407] => 7903
    [699] => 84139
    [972] => 35934
    [651] => 281
    [364] => 86357
    [913] => 62319
    [664] => 2520
    [140] => 1086
    [874] => 82334
    [268] => 6464
    [266] => 63790
    [239] => 4196
    [561] => 9159
    [876] => 546
    [345] => 2612
    [128] => 766
    [652] => 47698
    [794] => 31007
    [384] => 124
    [890] => 32091
    [705] => 93805
    [14] => 413
    [814] => 973
    [135] => 715
    [562] => 889
    [583] => 126
    [401] => 565
    [650] => 540
    [40] => 649
    [926] => 12749
    [772] => 59154
    [603] => 28663
    [130] => 3617
    [600] => 8330
    [563] => 5901
    [696] => 85636
    [155] => 264
    [836] => 4293
    [828] => 78788
    [921] => 974
    [328] => 2328
    [215] => 7845
    [276] => 8477
    [223] => 537
    [678] => 125
    [106] => 2017
    [317] => 586
    [726] => 23522
    [162] => 331
    [180] => 139
    [728] => 471
    [118] => 210
    [937] => 948
    [981] => 206
    [20] => 568
    [481] => 45363
    [564] => 39473
    [834] => 8765
    [403] => 649
    [89] => 352
    [32] => 346
    [598] => 168
    [307] => 12614
    [301] => 98727
    [560] => 1083
    [424] => 145
    [13] => 3849
    [123] => 39143
    [295] => 7194
    [485] => 5819
    [774] => 94926
    [925] => 345
    [879] => 26310
    [596] => 5611
    [178] => 869
    [389] => 80654
    [899] => 7914
    [918] => 6647
    [28] => 3945
    [70] => 942
    [79] => 797
    [826] => 53723
    [783] => 16219
    [880] => 21133
    [907] => 83748
    [73] => 722
    [501] => 921
    [785] => 7643
    [861] => 87935
    [433] => 304
    [226] => 342
    [415] => 24311
    [380] => 3389
    [351] => 2250
    [883] => 31388
    [233] => 8350
    [467] => 15460
    [575] => 76452
    [75] => 1182
    [657] => 33944
    [448] => 97081
    [52] => 24891
    [552] => 3158
    [36] => 90924
    [360] => 750
    [893] => 66923
    [579] => 467
    [577] => 60738
    [169] => 1788
    [633] => 910
    [373] => 1519
    [566] => 28913
    [150] => 1515
    [973] => 5219
    [306] => 729
    [352] => 86122
    [738] => 78829
    [881] => 64902
    [613] => 787
    [152] => 99858
    [663] => 30343
)
